# JRE version: OpenJDK Runtime Environment (21.0.2+13) (build 21.0.2+13-58)
# Java VM: OpenJDK 64-Bit Server VM (21.0.2+13-58, mixed mode, sharing, tiered, compressed oops, compressed class ptrs, g1 gc, windows-amd64)
GC Precious Log:
 CardTable entry size: 512
 Card Set container configuration: InlinePtr #cards 5 size 8 Array Of Cards #cards 12 size 40 Howl #buckets 4 coarsen threshold 1843 Howl Bitmap #cards 512 size 80 coarsen threshold 460 Card regions per heap region 1 cards per card region 2048
 CPUs: 8 total, 8 available
 Memory: 8070M
 Large Page Support: Disabled
 NUMA Support: Disabled
 Compressed Oops: Enabled (32-bit)
 Heap Region Size: 1M
 Heap Min Capacity: 8M
 Heap Initial Capacity: 128M
 Heap Max Capacity: 2018M
 Pre-touch: Disabled
 Parallel Workers: 8
 Concurrent Workers: 2
 Concurrent Refinement Workers: 8
 Periodic GC: Disabled
Heap:
 garbage-first heap   total 66560K, used 46519K [0x0000000081e00000, 0x0000000100000000)
  region size 1024K, 12 young (12288K), 1 survivors (1024K)
 Metaspace       used 80206K, committed 81088K, reserved 1179648K
  class space    used 10453K, committed 10880K, reserved 1048576K
GC Heap History (20 events):
Event: 1791.608 GC heap before
{Heap before GC invocations=140 (full 0):
 garbage-first heap   total 66560K, used 58704K [0x0000000081e00000, 0x0000000100000000)
  region size 1024K, 24 young (24576K), 1 survivors (1024K)
 Metaspace       used 80025K, committed 80896K, reserved 1179648K
  class space    used 10426K, committed 10816K, reserved 1048576K
}
Event: 1791.610 GC heap after
{Heap after GC invocations=141 (full 0):
 garbage-first heap   total 66560K, used 36199K [0x0000000081e00000, 0x0000000100000000)
  region size 1024K, 1 young (1024K), 1 survivors (1024K)
 Metaspace       used 80025K, committed 80896K, reserved 1179648K
  class space    used 10426K, committed 10816K, reserved 1048576K
}
Event: 1793.633 GC heap before
{Heap before GC invocations=141 (full 0):
 garbage-first heap   total 66560K, used 58727K [0x0000000081e00000, 0x0000000100000000)
  region size 1024K, 24 young (24576K), 1 survivors (1024K)
 Metaspace       used 80030K, committed 80896K, reserved 1179648K
  class space    used 10426K, committed 10816K, reserved 1048576K
}
Event: 1793.636 GC heap after
{Heap after GC invocations=142 (full 0):
 garbage-first heap   total 66560K, used 36281K [0x0000000081e00000, 0x0000000100000000)
  region size 1024K, 1 young (1024K), 1 survivors (1024K)
 Metaspace       used 80030K, committed 80896K, reserved 1179648K
  class space    used 10426K, committed 10816K, reserved 1048576K
}
Event: 1796.413 GC heap before
{Heap before GC invocations=143 (full 0):
 garbage-first heap   total 66560K, used 58809K [0x0000000081e00000, 0x0000000100000000)
  region size 1024K, 24 young (24576K), 1 survivors (1024K)
 Metaspace       used 80032K, committed 80896K, reserved 1179648K
  class space    used 10426K, committed 10816K, reserved 1048576K
}
Event: 1796.415 GC heap after
{Heap after GC invocations=144 (full 0):
 garbage-first heap   total 66560K, used 36221K [0x0000000081e00000, 0x0000000100000000)
  region size 1024K, 1 young (1024K), 1 survivors (1024K)
 Metaspace       used 80032K, committed 80896K, reserved 1179648K
  class space    used 10426K, committed 10816K, reserved 1048576K
}
Event: 1799.072 GC heap before
{Heap before GC invocations=144 (full 0):
 garbage-first heap   total 66560K, used 58749K [0x0000000081e00000, 0x0000000100000000)
  region size 1024K, 24 young (24576K), 1 survivors (1024K)
 Metaspace       used 80033K, committed 80896K, reserved 1179648K
  class space    used 10426K, committed 10816K, reserved 1048576K
}
Event: 1799.075 GC heap after
{Heap after GC invocations=145 (full 0):
 garbage-first heap   total 66560K, used 36345K [0x0000000081e00000, 0x0000000100000000)
  region size 1024K, 1 young (1024K), 1 survivors (1024K)
 Metaspace       used 80033K, committed 80896K, reserved 1179648K
  class space    used 10426K, committed 10816K, reserved 1048576K
}
Event: 1801.840 GC heap before
{Heap before GC invocations=146 (full 0):
 garbage-first heap   total 66560K, used 58873K [0x0000000081e00000, 0x0000000100000000)
  region size 1024K, 24 young (24576K), 1 survivors (1024K)
 Metaspace       used 80038K, committed 80896K, reserved 1179648K
  class space    used 10427K, committed 10816K, reserved 1048576K
}
Event: 1801.842 GC heap after
{Heap after GC invocations=147 (full 0):
 garbage-first heap   total 66560K, used 36437K [0x0000000081e00000, 0x0000000100000000)
  region size 1024K, 1 young (1024K), 1 survivors (1024K)
 Metaspace       used 80038K, committed 80896K, reserved 1179648K
  class space    used 10427K, committed 10816K, reserved 1048576K
}
Event: 1804.648 GC heap before
{Heap before GC invocations=147 (full 0):
 garbage-first heap   total 66560K, used 59989K [0x0000000081e00000, 0x0000000100000000)
  region size 1024K, 24 young (24576K), 1 survivors (1024K)
 Metaspace       used 80038K, committed 80896K, reserved 1179648K
  class space    used 10427K, committed 10816K, reserved 1048576K
}
Event: 1804.653 GC heap after
{Heap after GC invocations=148 (full 0):
 garbage-first heap   total 66560K, used 36279K [0x0000000081e00000, 0x0000000100000000)
  region size 1024K, 1 young (1024K), 1 survivors (1024K)
 Metaspace       used 80038K, committed 80896K, reserved 1179648K
  class space    used 10427K, committed 10816K, reserved 1048576K
}
Event: 1807.430 GC heap before
{Heap before GC invocations=148 (full 0):
 garbage-first heap   total 66560K, used 58807K [0x0000000081e00000, 0x0000000100000000)
  region size 1024K, 24 young (24576K), 1 survivors (1024K)
 Metaspace       used 80038K, committed 80896K, reserved 1179648K
  class space    used 10427K, committed 10816K, reserved 1048576K
}
Event: 1807.432 GC heap after
{Heap after GC invocations=149 (full 0):
 garbage-first heap   total 66560K, used 36274K [0x0000000081e00000, 0x0000000100000000)
  region size 1024K, 1 young (1024K), 1 survivors (1024K)
 Metaspace       used 80038K, committed 80896K, reserved 1179648K
  class space    used 10427K, committed 10816K, reserved 1048576K
}
Event: 1810.299 GC heap before
{Heap before GC invocations=150 (full 0):
 garbage-first heap   total 66560K, used 58802K [0x0000000081e00000, 0x0000000100000000)
  region size 1024K, 24 young (24576K), 1 survivors (1024K)
 Metaspace       used 80049K, committed 80896K, reserved 1179648K
  class space    used 10427K, committed 10816K, reserved 1048576K
}
Event: 1810.301 GC heap after
{Heap after GC invocations=151 (full 0):
 garbage-first heap   total 66560K, used 36460K [0x0000000081e00000, 0x0000000100000000)
  region size 1024K, 1 young (1024K), 1 survivors (1024K)
 Metaspace       used 80049K, committed 80896K, reserved 1179648K
  class space    used 10427K, committed 10816K, reserved 1048576K
}
Event: 1813.176 GC heap before
{Heap before GC invocations=151 (full 0):
 garbage-first heap   total 66560K, used 58988K [0x0000000081e00000, 0x0000000100000000)
  region size 1024K, 24 young (24576K), 1 survivors (1024K)
 Metaspace       used 80049K, committed 80896K, reserved 1179648K
  class space    used 10427K, committed 10816K, reserved 1048576K
}
Event: 1813.179 GC heap after
{Heap after GC invocations=152 (full 0):
 garbage-first heap   total 66560K, used 36288K [0x0000000081e00000, 0x0000000100000000)
  region size 1024K, 1 young (1024K), 1 survivors (1024K)
 Metaspace       used 80049K, committed 80896K, reserved 1179648K
  class space    used 10427K, committed 10816K, reserved 1048576K
}
Event: 1815.968 GC heap before
{Heap before GC invocations=152 (full 0):
 garbage-first heap   total 66560K, used 59840K [0x0000000081e00000, 0x0000000100000000)
  region size 1024K, 25 young (25600K), 1 survivors (1024K)
 Metaspace       used 80049K, committed 80896K, reserved 1179648K
  class space    used 10427K, committed 10816K, reserved 1048576K
}
Event: 1815.974 GC heap after
{Heap after GC invocations=153 (full 0):
 garbage-first heap   total 66560K, used 36279K [0x0000000081e00000, 0x0000000100000000)
  region size 1024K, 1 young (1024K), 1 survivors (1024K)
 Metaspace       used 80049K, committed 80896K, reserved 1179648K
  class space    used 10427K, committed 10816K, reserved 1048576K
}

